[2019-05-30 23:24:07] updatetUser.INFO: Error: Error al modificar el usuario [] []
[2019-05-30 23:33:38] updatetUser.INFO: Error: Error al modificar el usuario [] []
[2019-05-30 23:41:02] updatetUser.INFO: Error: Error al modificar el usuario [] []
[2019-05-30 23:45:44] updatetUser.INFO: Error: Error al modificar el usuario [] []
[2019-05-30 23:46:05] updatetUser.INFO: Error: Error al modificar el usuario [] []
[2019-05-30 23:48:04] updatetUser.INFO: Error: Error al modificar el usuario [] []
[2019-05-31 08:51:00] updatetUser.INFO: Error: Error al modificar el usuario [] []
[2019-05-31 08:52:26] updatetUser.INFO: Error: Error al modificar el usuario [] []
[2019-05-31 08:53:59] updatetUser.INFO: Error: ok [] []
[2019-05-31 08:58:25] updatetUser.INFO: Error: ok [] []
[2019-05-31 09:01:03] updatetUser.INFO: Error: ok [] []
[2019-05-31 09:02:46] updatetUser.INFO: Error: ok [] []
[2019-05-31 09:04:53] updatetUser.INFO: Error: ok [] []
[2019-05-31 09:05:30] updatetUser.INFO: Error: ok [] []
[2019-05-31 18:30:51] getAllAnimals.ERROR: Error al recoger todos los animales [] []
[2019-05-31 18:30:51] getAllAnimals.INFO: Error:  [] []
[2019-05-31 19:28:27] getAnimalById.INFO: Error: Array [] []
[2019-06-03 17:05:10] insertAnimal.INFO: Error:  [] []
[2019-06-03 20:18:45] insertAnimal.INFO: Error:  [] []
[2019-06-04 16:59:30] getAllAnimals.ERROR: No se han podido obtener todos los animales [] []
[2019-06-04 16:59:30] getAllAnimals.INFO: Error: No se han podido obtener todos los animales [] []
[2019-06-04 17:54:24] getAllAnimals.ERROR: No se han podido obtener todos los animales [] []
[2019-06-04 17:54:24] getAllAnimals.INFO: Error: No se han podido obtener todos los animales [] []
[2019-06-05 20:05:11] commentsGetByAnimal.ERROR: Array [] []
[2019-06-05 20:05:11] commentsGetByAnimal.INFO: Error: No se han recibido datos [] []
[2019-06-05 20:20:06] commentsGetByAnimal.ERROR: Array [] []
[2019-06-05 20:20:06] commentsGetByAnimal.INFO: Error: No se han podido obtener los comentarios [] []
[2019-06-05 20:21:23] commentsGetByAnimal.ERROR: Array [] []
[2019-06-05 20:21:23] commentsGetByAnimal.INFO: Error: No se han podido obtener los comentarios [] []
[2019-06-05 20:21:39] commentsGetByAnimal.ERROR: Array [] []
[2019-06-05 20:21:39] commentsGetByAnimal.INFO: Error: No se han podido obtener los comentarios [] []
[2019-06-05 21:39:04] commentsGetByAnimal.ERROR: Array [] []
[2019-06-05 21:39:04] commentsGetByAnimal.INFO: Error: No se han recibido datos [] []
[2019-06-05 21:40:53] commentsGetByAnimal.ERROR: Array [] []
[2019-06-05 21:40:53] commentsGetByAnimal.INFO: Error: No se han recibido datos [] []
[2019-06-06 19:51:10] commentsGetByAnimal.ERROR: No se pueden obtener los comentarios [] []
[2019-06-06 19:51:21] commentsGetByAnimal.ERROR: No se pueden obtener los comentarios [] []
[2019-06-09 15:57:38] userInsert.ERROR: Error al registrar el usuario [] []
[2019-06-09 15:57:38] userInsert.INFO: Error: Error al registrar el usuario [] []
[2019-06-09 15:57:51] userInsert.ERROR: Error al registrar el usuario [] []
[2019-06-09 15:57:51] userInsert.INFO: Error: Error al registrar el usuario [] []
[2019-06-09 15:59:00] userInsert.ERROR: Error al registrar el usuario [] []
[2019-06-09 15:59:00] userInsert.INFO: Error: Error al registrar el usuario [] []
[2019-06-09 15:59:06] userInsert.ERROR: Error al registrar el usuario [] []
[2019-06-09 15:59:06] userInsert.INFO: Error: Error al registrar el usuario [] []
[2019-06-09 15:59:33] userInsert.ERROR: Usuario ya existe en la bbdd [] []
[2019-06-09 15:59:33] userInsert.INFO: Error: Usuario ya existe en la bbdd [] []
